--- Copying files at Tue Mar 19 01:41:02 UTC 2024
INSTALLED plugins/joda-time-api.jpi : 2.12.7-29.v5a_b_e3a_82269a_
INSTALLED plugins/git.jpi : 5.2.1
INSTALLED plugins/commons-text-api.jpi : 1.11.0-95.v22a_d30ee5d36
INSTALLED plugins/checks-api.jpi : 2.0.2
INSTALLED plugins/mina-sshd-api-core.jpi : 2.12.0-90.v9f7fb_9fa_3d3b_
INSTALLED plugins/matrix-project.jpi : 822.824.v14451b_c0fd42
INSTALLED plugins/scm-api.jpi : 689.v237b_6d3a_ef7f
INSTALLED plugins/plugin-util-api.jpi : 4.1.0
INSTALLED plugins/credentials-binding.jpi : 657.v2b_19db_7d6e6d
INSTALLED plugins/snakeyaml-api.jpi : 2.2-111.vc6598e30cc65
INSTALLED plugins/commons-lang3-api.jpi : 3.13.0-62.v7d18e55f51e2
INSTALLED plugins/git-client.jpi : 4.7.0
INSTALLED plugins/workflow-step-api.jpi : 657.v03b_e8115821b_
INSTALLED plugins/asm-api.jpi : 9.6-3.v2e1fa_b_338cd7
INSTALLED plugins/caffeine-api.jpi : 3.1.8-133.v17b_1ff2e0599
INSTALLED plugins/gson-api.jpi : 2.10.1-15.v0d99f670e0a_7
INSTALLED plugins/jaxb.jpi : 2.3.9-1
INSTALLED plugins/jquery3-api.jpi : 3.7.1-2
INSTALLED plugins/jakarta-activation-api.jpi : 2.1.3-1
INSTALLED plugins/apache-httpcomponents-client-4-api.jpi : 4.5.14-208.v438351942757
INSTALLED plugins/workflow-scm-step.jpi : 427.v4ca_6512e7df1
INSTALLED plugins/gitlab-plugin.jpi : 1.8.0
INSTALLED plugins/jakarta-mail-api.jpi : 2.1.3-1
INSTALLED plugins/script-security.jpi : 1326.vdb_c154de8669
INSTALLED plugins/ionicons-api.jpi : 56.v1b_1c8c49374e
INSTALLED plugins/jackson2-api.jpi : 2.17.0-379.v02de8ec9f64c
INSTALLED plugins/credentials.jpi : 1337.v60b_d7b_c7b_c9f
INSTALLED plugins/structs.jpi : 337.v1b_04ea_4df7c8
INSTALLED plugins/trilead-api.jpi : 2.142.v748523a_76693
INSTALLED plugins/mina-sshd-api-common.jpi : 2.12.0-90.v9f7fb_9fa_3d3b_
INSTALLED plugins/plain-credentials.jpi : 179.vc5cb_98f6db_38
INSTALLED plugins/jersey2-api.jpi : 2.41-133.va_03323b_a_1396
INSTALLED plugins/bouncycastle-api.jpi : 2.30.1.77-225.v26ea_c9455fd9
INSTALLED plugins/json-api.jpi : 20240303-41.v94e11e6de726
INSTALLED plugins/workflow-api.jpi : 1291.v51fd2a_625da_7
INSTALLED plugins/bootstrap5-api.jpi : 5.3.3-1
INSTALLED plugins/junit.jpi : 1259.v65ffcef24a_88
INSTALLED plugins/echarts-api.jpi : 5.5.0-1
INSTALLED plugins/instance-identity.jpi : 185.v303dc7c645f9
INSTALLED plugins/font-awesome-api.jpi : 6.5.1-3
INSTALLED plugins/javax-activation-api.jpi : 1.2.0-6
INSTALLED plugins/mailer.jpi : 472.vf7c289a_4b_420
INSTALLED plugins/ssh-credentials.jpi : 322.v124df57ed808
INSTALLED plugins/display-url-api.jpi : 2.200.vb_9327d658781
INSTALLED plugins/workflow-job.jpi : 1400.v7fd111b_ec82f
INSTALLED plugins/workflow-support.jpi : 881.v7663695646cf
INSTALLED plugins.txt
--- Copying files at Tue Mar 19 03:28:27 UTC 2024
